<?xml version="1.0" encoding="UTF-8"?>
<testsuite xmlns:xsi="http://www.w3.org/2001/XMLSchema-instance" xsi:noNamespaceSchemaLocation="https://maven.apache.org/surefire/maven-surefire-plugin/xsd/surefire-test-report.xsd" name="com.tim.PluginTest" time="0.03" tests="1" errors="0" skipped="0" failures="0">
  <properties>
    <property name="java.specification.version" value="19"/>
    <property name="sun.cpu.isalist" value="amd64"/>
    <property name="sun.jnu.encoding" value="Cp1252"/>
    <property name="java.class.path" value="c:\Users\timst\Desktop\Projects\fundamentals\fundamentals\target\test-classes;c:\Users\timst\Desktop\Projects\fundamentals\fundamentals\target\classes;C:\Users\timst\.m2\repository\junit\junit\4.11\junit-4.11.jar;C:\Users\timst\.m2\repository\org\hamcrest\hamcrest-core\1.3\hamcrest-core-1.3.jar;C:\Users\timst\.m2\repository\org\spigotmc\spigot-api\1.15.1-R0.1-SNAPSHOT\spigot-api-1.15.1-R0.1-SNAPSHOT.jar;C:\Users\timst\.m2\repository\commons-lang\commons-lang\2.6\commons-lang-2.6.jar;C:\Users\timst\.m2\repository\com\google\guava\guava\21.0\guava-21.0.jar;C:\Users\timst\.m2\repository\com\google\code\gson\gson\2.8.0\gson-2.8.0.jar;C:\Users\timst\.m2\repository\net\md-5\bungeecord-chat\1.13-SNAPSHOT\bungeecord-chat-1.13-SNAPSHOT.jar;C:\Users\timst\.m2\repository\org\yaml\snakeyaml\1.25\snakeyaml-1.25.jar;"/>
    <property name="java.vm.vendor" value="Oracle Corporation"/>
    <property name="sun.arch.data.model" value="64"/>
    <property name="user.variant" value=""/>
    <property name="java.vendor.url" value="https://java.oracle.com/"/>
    <property name="user.timezone" value="Europe/Berlin"/>
    <property name="os.name" value="Windows 10"/>
    <property name="java.vm.specification.version" value="19"/>
    <property name="sun.java.launcher" value="SUN_STANDARD"/>
    <property name="user.country" value="DE"/>
    <property name="sun.boot.library.path" value="C:\Program Files\Java\jdk-19\bin"/>
    <property name="sun.java.command" value="C:\Users\timst\AppData\Local\Temp\surefire8288230324748568732\surefirebooter11086938896469142482.jar C:\Users\timst\AppData\Local\Temp\surefire8288230324748568732 2023-01-24T14-49-37_505-jvmRun1 surefire16378520360414961571tmp surefire_01382021041566140887tmp"/>
    <property name="jdk.debug" value="release"/>
    <property name="surefire.test.class.path" value="c:\Users\timst\Desktop\Projects\fundamentals\fundamentals\target\test-classes;c:\Users\timst\Desktop\Projects\fundamentals\fundamentals\target\classes;C:\Users\timst\.m2\repository\junit\junit\4.11\junit-4.11.jar;C:\Users\timst\.m2\repository\org\hamcrest\hamcrest-core\1.3\hamcrest-core-1.3.jar;C:\Users\timst\.m2\repository\org\spigotmc\spigot-api\1.15.1-R0.1-SNAPSHOT\spigot-api-1.15.1-R0.1-SNAPSHOT.jar;C:\Users\timst\.m2\repository\commons-lang\commons-lang\2.6\commons-lang-2.6.jar;C:\Users\timst\.m2\repository\com\google\guava\guava\21.0\guava-21.0.jar;C:\Users\timst\.m2\repository\com\google\code\gson\gson\2.8.0\gson-2.8.0.jar;C:\Users\timst\.m2\repository\net\md-5\bungeecord-chat\1.13-SNAPSHOT\bungeecord-chat-1.13-SNAPSHOT.jar;C:\Users\timst\.m2\repository\org\yaml\snakeyaml\1.25\snakeyaml-1.25.jar;"/>
    <property name="sun.cpu.endian" value="little"/>
    <property name="user.home" value="C:\Users\timst"/>
    <property name="user.language" value="de"/>
    <property name="java.specification.vendor" value="Oracle Corporation"/>
    <property name="java.version.date" value="2022-10-18"/>
    <property name="java.home" value="C:\Program Files\Java\jdk-19"/>
    <property name="file.separator" value="\"/>
    <property name="basedir" value="c:\Users\timst\Desktop\Projects\fundamentals\fundamentals"/>
    <property name="java.vm.compressedOopsMode" value="Zero based"/>
    <property name="line.separator" value="&#10;"/>
    <property name="java.vm.specification.vendor" value="Oracle Corporation"/>
    <property name="java.specification.name" value="Java Platform API Specification"/>
    <property name="surefire.real.class.path" value="C:\Users\timst\AppData\Local\Temp\surefire8288230324748568732\surefirebooter11086938896469142482.jar"/>
    <property name="user.script" value=""/>
    <property name="sun.management.compiler" value="HotSpot 64-Bit Tiered Compilers"/>
    <property name="java.runtime.version" value="19.0.1+10-21"/>
    <property name="user.name" value="timst"/>
    <property name="stdout.encoding" value="Cp1252"/>
    <property name="path.separator" value=";"/>
    <property name="os.version" value="10.0"/>
    <property name="java.runtime.name" value="Java(TM) SE Runtime Environment"/>
    <property name="file.encoding" value="UTF-8"/>
    <property name="java.vm.name" value="Java HotSpot(TM) 64-Bit Server VM"/>
    <property name="localRepository" value="C:\Users\timst\.m2\repository"/>
    <property name="java.vendor.url.bug" value="https://bugreport.java.com/bugreport/"/>
    <property name="java.io.tmpdir" value="C:\Users\timst\AppData\Local\Temp\"/>
    <property name="java.version" value="19.0.1"/>
    <property name="user.dir" value="c:\Users\timst\Desktop\Projects\fundamentals\fundamentals"/>
    <property name="os.arch" value="amd64"/>
    <property name="java.vm.specification.name" value="Java Virtual Machine Specification"/>
    <property name="sun.os.patch.level" value=""/>
    <property name="native.encoding" value="Cp1252"/>
    <property name="java.library.path" value="C:\Program Files\Java\jdk-19\bin;C:\Windows\Sun\Java\bin;C:\Windows\system32;C:\Windows;C:\Program Files (x86)\VMware\VMware Player\bin\;C:\Program Files\Eclipse Adoptium\jdk-17.0.4.101-hotspot\bin;C:\Program Files (x86)\NVIDIA Corporation\PhysX\Common;C:\Program Files\Common Files\Oracle\Java\javapath;C:\Program Files (x86)\Razer\ChromaBroadcast\bin;C:\Program Files\Razer\ChromaBroadcast\bin;C:\Program Files (x86)\Common Files\Oracle\Java\javapath;C:\Windows\system32;C:\Windows;C:\Windows\System32\Wbem;C:\Windows\System32\WindowsPowerShell\v1.0\;C:\Windows\System32\OpenSSH\;C:\Program Files\PuTTY\;C:\Users\timst\AppData\Local\Microsoft\WindowsApps;C:\Program Files\dotnet\;C:\Program Files (x86)\dotnet\;C:\Program Files (x86)\IVI Foundation\VISA\WinNT\Bin;C:\Program Files\Git\cmd;C:\Users\timst\AppData\Local\Programs\Python\Python39\Scripts\;C:\Users\timst\AppData\Local\Programs\Python\Python39\;C:\Users\timst\AppData\Local\Microsoft\WindowsApps;C:\Program Files\JetBrains\PyCharm Community Edition 2020.3.3\bin;;C:\Users\timst\.dotnet\tools;C:\Users\timst\AppData\Local\Programs\Microsoft VS Code\bin;C:\Users\timst\AppData\Local\GitHubDesktop\bin;."/>
    <property name="java.vm.info" value="mixed mode, sharing"/>
    <property name="stderr.encoding" value="Cp1252"/>
    <property name="java.vendor" value="Oracle Corporation"/>
    <property name="java.vm.version" value="19.0.1+10-21"/>
    <property name="sun.io.unicode.encoding" value="UnicodeLittle"/>
    <property name="java.class.version" value="63.0"/>
  </properties>
  <testcase name="shouldAnswerWithTrue" classname="com.tim.PluginTest" time="0.002"/>
</testsuite>